#! /usr/bin/vvp
:ivl_version "11.0 (stable)";
:ivl_delay_selection "TYPICAL";
:vpi_time_precision + 0;
:vpi_module "/usr/lib/x86_64-linux-gnu/ivl/system.vpi";
:vpi_module "/usr/lib/x86_64-linux-gnu/ivl/vhdl_sys.vpi";
:vpi_module "/usr/lib/x86_64-linux-gnu/ivl/vhdl_textio.vpi";
:vpi_module "/usr/lib/x86_64-linux-gnu/ivl/v2005_math.vpi";
:vpi_module "/usr/lib/x86_64-linux-gnu/ivl/va_math.vpi";
S_0x58707b8a9260 .scope module, "register_file" "register_file" 2 1;
 .timescale 0 0;
    .port_info 0 /INPUT 1 "clk";
    .port_info 1 /INPUT 1 "write_enable";
    .port_info 2 /INPUT 5 "rs1";
    .port_info 3 /INPUT 5 "rs2";
    .port_info 4 /INPUT 5 "rd";
    .port_info 5 /INPUT 64 "write_data";
    .port_info 6 /OUTPUT 64 "read_data1";
    .port_info 7 /OUTPUT 64 "read_data2";
v0x58707b8aa140_0 .net *"_ivl_0", 31 0, L_0x58707b8cfc30;  1 drivers
v0x58707b8ce6a0_0 .net *"_ivl_10", 6 0, L_0x58707b8dfee0;  1 drivers
L_0x782015e4f0a8 .functor BUFT 1, C4<00>, C4<0>, C4<0>, C4<0>;
v0x58707b8ce780_0 .net *"_ivl_13", 1 0, L_0x782015e4f0a8;  1 drivers
L_0x782015e4f0f0 .functor BUFT 1, C4<0000000000000000000000000000000000000000000000000000000000000000>, C4<0>, C4<0>, C4<0>;
v0x58707b8ce840_0 .net/2u *"_ivl_14", 63 0, L_0x782015e4f0f0;  1 drivers
v0x58707b8ce920_0 .net *"_ivl_18", 31 0, L_0x58707b8e0280;  1 drivers
L_0x782015e4f138 .functor BUFT 1, C4<000000000000000000000000000>, C4<0>, C4<0>, C4<0>;
v0x58707b8cea50_0 .net *"_ivl_21", 26 0, L_0x782015e4f138;  1 drivers
L_0x782015e4f180 .functor BUFT 1, C4<00000000000000000000000000000000>, C4<0>, C4<0>, C4<0>;
v0x58707b8ceb30_0 .net/2u *"_ivl_22", 31 0, L_0x782015e4f180;  1 drivers
v0x58707b8cec10_0 .net *"_ivl_24", 0 0, L_0x58707b8e0400;  1 drivers
v0x58707b8cecd0_0 .net *"_ivl_26", 63 0, L_0x58707b8e0540;  1 drivers
v0x58707b8cedb0_0 .net *"_ivl_28", 6 0, L_0x58707b8e0630;  1 drivers
L_0x782015e4f018 .functor BUFT 1, C4<000000000000000000000000000>, C4<0>, C4<0>, C4<0>;
v0x58707b8cee90_0 .net *"_ivl_3", 26 0, L_0x782015e4f018;  1 drivers
L_0x782015e4f1c8 .functor BUFT 1, C4<00>, C4<0>, C4<0>, C4<0>;
v0x58707b8cef70_0 .net *"_ivl_31", 1 0, L_0x782015e4f1c8;  1 drivers
L_0x782015e4f210 .functor BUFT 1, C4<0000000000000000000000000000000000000000000000000000000000000000>, C4<0>, C4<0>, C4<0>;
v0x58707b8cf050_0 .net/2u *"_ivl_32", 63 0, L_0x782015e4f210;  1 drivers
L_0x782015e4f060 .functor BUFT 1, C4<00000000000000000000000000000000>, C4<0>, C4<0>, C4<0>;
v0x58707b8cf130_0 .net/2u *"_ivl_4", 31 0, L_0x782015e4f060;  1 drivers
v0x58707b8cf210_0 .net *"_ivl_6", 0 0, L_0x58707b8dfd00;  1 drivers
v0x58707b8cf2d0_0 .net *"_ivl_8", 63 0, L_0x58707b8dfe40;  1 drivers
o0x782015e98318 .functor BUFZ 1, C4<z>; HiZ drive
v0x58707b8cf3b0_0 .net "clk", 0 0, o0x782015e98318;  0 drivers
o0x782015e98348 .functor BUFZ 5, C4<zzzzz>; HiZ drive
v0x58707b8cf470_0 .net "rd", 4 0, o0x782015e98348;  0 drivers
v0x58707b8cf550_0 .net "read_data1", 63 0, L_0x58707b8e00f0;  1 drivers
v0x58707b8cf630_0 .net "read_data2", 63 0, L_0x58707b8e07c0;  1 drivers
v0x58707b8cf710 .array "registers", 0 31, 63 0;
o0x782015e983d8 .functor BUFZ 5, C4<zzzzz>; HiZ drive
v0x58707b8cf7d0_0 .net "rs1", 4 0, o0x782015e983d8;  0 drivers
o0x782015e98408 .functor BUFZ 5, C4<zzzzz>; HiZ drive
v0x58707b8cf8b0_0 .net "rs2", 4 0, o0x782015e98408;  0 drivers
o0x782015e98438 .functor BUFZ 64, C4<zzzzzzzzzzzzzzzzzzzzzzzzzzzzzzzzzzzzzzzzzzzzzzzzzzzzzzzzzzzzzzzz>; HiZ drive
v0x58707b8cf990_0 .net "write_data", 63 0, o0x782015e98438;  0 drivers
o0x782015e98468 .functor BUFZ 1, C4<z>; HiZ drive
v0x58707b8cfa70_0 .net "write_enable", 0 0, o0x782015e98468;  0 drivers
E_0x58707b8b6ca0 .event edge, v0x58707b8cfa70_0, v0x58707b8cf470_0, v0x58707b8cf990_0;
L_0x58707b8cfc30 .concat [ 5 27 0 0], o0x782015e983d8, L_0x782015e4f018;
L_0x58707b8dfd00 .cmp/ne 32, L_0x58707b8cfc30, L_0x782015e4f060;
L_0x58707b8dfe40 .array/port v0x58707b8cf710, L_0x58707b8dfee0;
L_0x58707b8dfee0 .concat [ 5 2 0 0], o0x782015e983d8, L_0x782015e4f0a8;
L_0x58707b8e00f0 .functor MUXZ 64, L_0x782015e4f0f0, L_0x58707b8dfe40, L_0x58707b8dfd00, C4<>;
L_0x58707b8e0280 .concat [ 5 27 0 0], o0x782015e98408, L_0x782015e4f138;
L_0x58707b8e0400 .cmp/ne 32, L_0x58707b8e0280, L_0x782015e4f180;
L_0x58707b8e0540 .array/port v0x58707b8cf710, L_0x58707b8e0630;
L_0x58707b8e0630 .concat [ 5 2 0 0], o0x782015e98408, L_0x782015e4f1c8;
L_0x58707b8e07c0 .functor MUXZ 64, L_0x782015e4f210, L_0x58707b8e0540, L_0x58707b8e0400, C4<>;
    .scope S_0x58707b8a9260;
T_0 ;
    %wait E_0x58707b8b6ca0;
    %load/vec4 v0x58707b8cfa70_0;
    %load/vec4 v0x58707b8cf470_0;
    %pad/u 32;
    %pushi/vec4 0, 0, 32;
    %cmp/ne;
    %flag_get/vec4 4;
    %and;
    %flag_set/vec4 8;
    %jmp/0xz  T_0.0, 8;
    %load/vec4 v0x58707b8cf990_0;
    %load/vec4 v0x58707b8cf470_0;
    %pad/u 7;
    %ix/vec4 3;
    %ix/load 4, 0, 0; Constant delay
    %assign/vec4/a/d v0x58707b8cf710, 0, 4;
T_0.0 ;
    %jmp T_0;
    .thread T_0, $push;
    .scope S_0x58707b8a9260;
T_1 ;
    %vpi_call 2 22 "$readmemb", "initial_data.txt", v0x58707b8cf710 {0 0 0};
    %end;
    .thread T_1;
    .scope S_0x58707b8a9260;
T_2 ;
    %delay 1000, 0;
    %vpi_call 2 28 "$display", "Writing memory to file" {0 0 0};
    %vpi_call 2 29 "$writememh", "reg_dump.hex", v0x58707b8cf710 {0 0 0};
    %vpi_call 2 30 "$display", "Memory write completed." {0 0 0};
    %end;
    .thread T_2;
# The file index is used to find the file name in the following table.
:file_names 3;
    "N/A";
    "<interactive>";
    "regfile.v";
